<?xml version="1.0" encoding="UTF-8"?>
<!-- Generated by org.testng.reporters.JUnitXMLReporter -->
<testsuite hostname="CNTR0084" ignored="0" name="Command line test" tests="1" failures="0" timestamp="2023-08-23T16:21:23 TRT" time="2.616" errors="0">
  <testcase name="@BeforeTest BeforeMethod" time="2.589" classname="Test.MainPage_Test">
    <failure type="java.lang.IllegalStateException" message="The path to the driver executable The path to the driver executable must be set by the webdriver.chrome.driver system property; for more information, see https://chromedriver.chromium.org/. The latest version can be downloaded from https://chromedriver.chromium.org/downloads">
      <![CDATA[java.lang.IllegalStateException: The path to the driver executable The path to the driver executable must be set by the webdriver.chrome.driver system property; for more information, see https://chromedriver.chromium.org/. The latest version can be downloaded from https://chromedriver.chromium.org/downloads
at org.openqa.selenium.internal.Require$StateChecker.nonNull(Require.java:314)
at org.openqa.selenium.remote.service.DriverService.findExecutable(DriverService.java:148)
at org.openqa.selenium.chrome.ChromeDriverService.access$000(ChromeDriverService.java:39)
at org.openqa.selenium.chrome.ChromeDriverService$Builder.findDefaultExecutable(ChromeDriverService.java:233)
at org.openqa.selenium.remote.service.DriverService$Builder.build(DriverService.java:450)
at org.openqa.selenium.chrome.ChromeDriverService.createServiceWithConfig(ChromeDriverService.java:142)
at org.openqa.selenium.chrome.ChromeDriver.<init>(ChromeDriver.java:70)
at Base.Base.beforemethod(Base.java:25)
at Test.MainPage_Test.BeforeMethod(MainPage_Test.java:16)
... Removed 33 stack frames]]>
    </failure>
  </testcase> <!-- @BeforeTest BeforeMethod -->
  <testcase name="@AfterTest AfterMethod" time="-1.692796883858E9" classname="Test.MainPage_Test">
    <skipped/>
  </testcase> <!-- @AfterTest AfterMethod -->
  <testcase name="Page_Test" time="0.0" classname="Test.MainPage_Test">
    <skipped/>
  </testcase> <!-- Page_Test -->
</testsuite> <!-- Command line test -->
